Parsing sumo-net from 'C:\Users\huqio\Documents\AgiMo Project\outputs\bit-zhongguancun-campus\bit_zhongguancun.raw.net.xml' ... done (104ms).
 Import done:
   118 nodes loaded.
   9 types loaded.
   233 edges loaded.
Removing self-loops ... done (0ms).
Finding largest components ...
Found 3 components and removed 2 (6 edges).
 done (2ms).
Removing empty nodes ... done (1ms).
   0 nodes removed.
Computing turning directions ... done (1ms).
Assigning nodes to traffic lights ... done (0ms).
Sorting nodes' edges ... done (1ms).
Computing node shapes ... done (11ms).
Computing edge shapes ... done (6ms).
Computing node types ... done (1ms).
Computing priorities ... done (1ms).
Computing approached edges ... done (1ms).
Guessing and setting roundabouts ... done (0ms).
Computing approaching lanes ... done (0ms).
Dividing of lanes on approached lanes ... done (2ms).
Processing turnarounds ... done (0ms).
Rechecking of lane endings ... done (1ms).
Computing traffic light control information ... done (1ms).
Computing node logics ... done (7ms).
Computing traffic light logics ...
Warning: Minor green from edge '30748082' to edge '1518745787#0' exceeds 19.44m/s. Maybe a left-turn lane is missing.
Warning: Minor green from edge '-182042882#4' to edge '-42399132' exceeds 19.44m/s. Maybe a left-turn lane is missing.
 done (2ms).
 9 traffic light(s) computed.
Building inner edges ...
Warning: Speed of turning connection '1055449634_0->1055449633_1' reduced by 22.88 due to turning radius of 4.37 (length=5.75, angle=107.29).
Warning: Speed of straight connection '-934717405#1_0->-934717405#0_0' reduced by 5.46 due to turning radius of 12.91 (length=12.96, angle=76.31).
Warning: Speed of turning connection '219487087_0->1055449634_0' reduced by 22.71 due to turning radius of 4.68 (length=9.00, angle=147.97).
Warning: Speed of turning connection '1055449633_1->219487087_0' reduced by 22.76 due to turning radius of 4.59 (length=5.93, angle=104.74).
Warning: Intersecting left turns at junction 'cluster_2377138436_8662360260' from lane '934717405#2_0' and lane '-934714248_0' (increase junction radius to avoid this).
 done (23ms).
-----------------------------------------------------
Summary:
 Node type statistics:
  Unregulated junctions       : 0
  Dead-end junctions          : 20
  Priority junctions          : 81
  Right-before-left junctions : 0
  Traffic light junctions      : 9
 Network boundaries:
  Original boundary  : 0.00,0.00,3392.68,2319.82
  Applied offset     : 0.00,0.00
  Converted boundary : 0.00,0.00,3392.68,2319.82
-----------------------------------------------------
Writing network ... done (90ms).
Success.
